Fetching Kato Polemidia (8433688)...
  Kato Polemidia: 533 points
Fetching Pano Polemidia (8421977)...
  Pano Polemidia: 115 points
Fetching Mesa Geitonia (8422686)...
  Mesa Geitonia: 767 points
Fetching Ypsonas (13013878)...
  Ypsonas: 667 points
Fetching Trachoni (12940228)...
  Trachoni: 42 points
Fetching Agios Athanasios (8425327)...
  Agios Athanasios: 938 points
Fetching Germasogeia (8422793)...
  Error: HTTP Error 504: Gateway Timeout
Fetching Palodeia (14996334)...
  Palodeia: 549 points
Fetching Fasoula (14099887)...
  Fasoula: 952 points
Fetching Spitali (14996336)...
  Error: HTTP Error 429: Too Many Requests
Done: 8 communities
